# JRE version: OpenJDK Runtime Environment GraalVM CE 22.3.0 (17.0.5+8) (build 17.0.5+8-jvmci-22.3-b08)
# Java VM: OpenJDK 64-Bit Server VM GraalVM CE 22.3.0 (17.0.5+8-jvmci-22.3-b08, mixed mode, sharing, tiered, jvmci, jvmci compiler, compressed oops, compressed class ptrs, parallel gc, linux-amd64)
GC Precious Log:
 CPUs: 8 total, 2 available
 Memory: 3215M
 Large Page Support: Disabled
 NUMA Support: Disabled
 Compressed Oops: Enabled (32-bit)
 Alignments: Space 512K, Generation 512K, Heap 2M
 Heap Min Capacity: 100M
 Heap Initial Capacity: 100M
 Heap Max Capacity: 512M
 Pre-touch: Disabled
 Parallel Workers: 2
Heap:
 PSYoungGen      total 48640K, used 34816K [0x00000000f5580000, 0x00000000f9700000, 0x0000000100000000)
  eden space 34816K, 100% used [0x00000000f5580000,0x00000000f7780000,0x00000000f7780000)
  from space 13824K, 0% used [0x00000000f8980000,0x00000000f8980000,0x00000000f9700000)
  to   space 14848K, 0% used [0x00000000f7780000,0x00000000f7780000,0x00000000f8600000)
 ParOldGen       total 349696K, used 349695K [0x00000000e0000000, 0x00000000f5580000, 0x00000000f5580000)
  object space 349696K, 99% used [0x00000000e0000000,0x00000000f557ffe0,0x00000000f5580000)
 Metaspace       used 54634K, committed 55808K, reserved 1105920K
  class space    used 5419K, committed 5888K, reserved 1048576K
GC Heap History (20 events):
Event: 560.653 GC heap before
{Heap before GC invocations=972 (full 883):
 PSYoungGen      total 48640K, used 34815K [0x00000000f5580000, 0x00000000f9700000, 0x0000000100000000)
  eden space 34816K, 99% used [0x00000000f5580000,0x00000000f777fff0,0x00000000f7780000)
  from space 13824K, 0% used [0x00000000f8980000,0x00000000f8980000,0x00000000f9700000)
  to   space 14848K, 0% used [0x00000000f7780000,0x00000000f7780000,0x00000000f8600000)
 ParOldGen       total 349696K, used 349694K [0x00000000e0000000, 0x00000000f5580000, 0x00000000f5580000)
  object space 349696K, 99% used [0x00000000e0000000,0x00000000f557fa98,0x00000000f5580000)
 Metaspace       used 54634K, committed 55808K, reserved 1105920K
  class space    used 5419K, committed 5888K, reserved 1048576K
}
Event: 561.127 GC heap after
{Heap after GC invocations=972 (full 883):
 PSYoungGen      total 49664K, used 34815K [0x00000000f5580000, 0x00000000f9700000, 0x0000000100000000)
  eden space 34816K, 99% used [0x00000000f5580000,0x00000000f777fff0,0x00000000f7780000)
  from space 14848K, 0% used [0x00000000f7780000,0x00000000f7780000,0x00000000f8600000)
  to   space 13824K, 0% used [0x00000000f8980000,0x00000000f8980000,0x00000000f9700000)
 ParOldGen       total 349696K, used 349694K [0x00000000e0000000, 0x00000000f5580000, 0x00000000f5580000)
  object space 349696K, 99% used [0x00000000e0000000,0x00000000f557fa98,0x00000000f5580000)
 Metaspace       used 54634K, committed 55808K, reserved 1105920K
  class space    used 5419K, committed 5888K, reserved 1048576K
}
Event: 561.130 GC heap before
{Heap before GC invocations=973 (full 884):
 PSYoungGen      total 49664K, used 34815K [0x00000000f5580000, 0x00000000f9700000, 0x0000000100000000)
  eden space 34816K, 99% used [0x00000000f5580000,0x00000000f777fff0,0x00000000f7780000)
  from space 14848K, 0% used [0x00000000f7780000,0x00000000f7780000,0x00000000f8600000)
  to   space 13824K, 0% used [0x00000000f8980000,0x00000000f8980000,0x00000000f9700000)
 ParOldGen       total 349696K, used 349695K [0x00000000e0000000, 0x00000000f5580000, 0x00000000f5580000)
  object space 349696K, 99% used [0x00000000e0000000,0x00000000f557ffe8,0x00000000f5580000)
 Metaspace       used 54634K, committed 55808K, reserved 1105920K
  class space    used 5419K, committed 5888K, reserved 1048576K
}
Event: 561.608 GC heap after
{Heap after GC invocations=973 (full 884):
 PSYoungGen      total 48640K, used 34815K [0x00000000f5580000, 0x00000000f9700000, 0x0000000100000000)
  eden space 34816K, 99% used [0x00000000f5580000,0x00000000f777ffd8,0x00000000f7780000)
  from space 13824K, 0% used [0x00000000f8980000,0x00000000f8980000,0x00000000f9700000)
  to   space 14848K, 0% used [0x00000000f7780000,0x00000000f7780000,0x00000000f8600000)
 ParOldGen       total 349696K, used 349695K [0x00000000e0000000, 0x00000000f5580000, 0x00000000f5580000)
  object space 349696K, 99% used [0x00000000e0000000,0x00000000f557fd58,0x00000000f5580000)
 Metaspace       used 54634K, committed 55808K, reserved 1105920K
  class space    used 5419K, committed 5888K, reserved 1048576K
}
Event: 561.609 GC heap before
{Heap before GC invocations=974 (full 885):
 PSYoungGen      total 48640K, used 34815K [0x00000000f5580000, 0x00000000f9700000, 0x0000000100000000)
  eden space 34816K, 99% used [0x00000000f5580000,0x00000000f777fff0,0x00000000f7780000)
  from space 13824K, 0% used [0x00000000f8980000,0x00000000f8980000,0x00000000f9700000)
  to   space 14848K, 0% used [0x00000000f7780000,0x00000000f7780000,0x00000000f8600000)
 ParOldGen       total 349696K, used 349695K [0x00000000e0000000, 0x00000000f5580000, 0x00000000f5580000)
  object space 349696K, 99% used [0x00000000e0000000,0x00000000f557ffd0,0x00000000f5580000)
 Metaspace       used 54634K, committed 55808K, reserved 1105920K
  class space    used 5419K, committed 5888K, reserved 1048576K
}
Event: 562.089 GC heap after
{Heap after GC invocations=974 (full 885):
 PSYoungGen      total 49664K, used 34815K [0x00000000f5580000, 0x00000000f9700000, 0x0000000100000000)
  eden space 34816K, 99% used [0x00000000f5580000,0x00000000f777ffc0,0x00000000f7780000)
  from space 14848K, 0% used [0x00000000f7780000,0x00000000f7780000,0x00000000f8600000)
  to   space 13824K, 0% used [0x00000000f8980000,0x00000000f8980000,0x00000000f9700000)
 ParOldGen       total 349696K, used 349695K [0x00000000e0000000, 0x00000000f5580000, 0x00000000f5580000)
  object space 349696K, 99% used [0x00000000e0000000,0x00000000f557fc20,0x00000000f5580000)
 Metaspace       used 54634K, committed 55808K, reserved 1105920K
  class space    used 5419K, committed 5888K, reserved 1048576K
}
Event: 562.090 GC heap before
{Heap before GC invocations=975 (full 886):
 PSYoungGen      total 49664K, used 34816K [0x00000000f5580000, 0x00000000f9700000, 0x0000000100000000)
  eden space 34816K, 100% used [0x00000000f5580000,0x00000000f7780000,0x00000000f7780000)
  from space 14848K, 0% used [0x00000000f7780000,0x00000000f7780000,0x00000000f8600000)
  to   space 13824K, 0% used [0x00000000f8980000,0x00000000f8980000,0x00000000f9700000)
 ParOldGen       total 349696K, used 349695K [0x00000000e0000000, 0x00000000f5580000, 0x00000000f5580000)
  object space 349696K, 99% used [0x00000000e0000000,0x00000000f557ff10,0x00000000f5580000)
 Metaspace       used 54634K, committed 55808K, reserved 1105920K
  class space    used 5419K, committed 5888K, reserved 1048576K
}
Event: 562.595 GC heap after
{Heap after GC invocations=975 (full 886):
 PSYoungGen      total 48640K, used 34815K [0x00000000f5580000, 0x00000000f9700000, 0x0000000100000000)
  eden space 34816K, 99% used [0x00000000f5580000,0x00000000f777ff50,0x00000000f7780000)
  from space 13824K, 0% used [0x00000000f8980000,0x00000000f8980000,0x00000000f9700000)
  to   space 14848K, 0% used [0x00000000f7780000,0x00000000f7780000,0x00000000f8600000)
 ParOldGen       total 349696K, used 349695K [0x00000000e0000000, 0x00000000f5580000, 0x00000000f5580000)
  object space 349696K, 99% used [0x00000000e0000000,0x00000000f557fcb0,0x00000000f5580000)
 Metaspace       used 54634K, committed 55808K, reserved 1105920K
  class space    used 5419K, committed 5888K, reserved 1048576K
}
Event: 562.596 GC heap before
{Heap before GC invocations=976 (full 887):
 PSYoungGen      total 48640K, used 34815K [0x00000000f5580000, 0x00000000f9700000, 0x0000000100000000)
  eden space 34816K, 99% used [0x00000000f5580000,0x00000000f777ffb8,0x00000000f7780000)
  from space 13824K, 0% used [0x00000000f8980000,0x00000000f8980000,0x00000000f9700000)
  to   space 14848K, 0% used [0x00000000f7780000,0x00000000f7780000,0x00000000f8600000)
 ParOldGen       total 349696K, used 349695K [0x00000000e0000000, 0x00000000f5580000, 0x00000000f5580000)
  object space 349696K, 99% used [0x00000000e0000000,0x00000000f557fcb0,0x00000000f5580000)
 Metaspace       used 54634K, committed 55808K, reserved 1105920K
  class space    used 5419K, committed 5888K, reserved 1048576K
}
Event: 563.073 GC heap after
{Heap after GC invocations=976 (full 887):
 PSYoungGen      total 49664K, used 34815K [0x00000000f5580000, 0x00000000f9700000, 0x0000000100000000)
  eden space 34816K, 99% used [0x00000000f5580000,0x00000000f777ffa8,0x00000000f7780000)
  from space 14848K, 0% used [0x00000000f7780000,0x00000000f7780000,0x00000000f8600000)
  to   space 13824K, 0% used [0x00000000f8980000,0x00000000f8980000,0x00000000f9700000)
 ParOldGen       total 349696K, used 349695K [0x00000000e0000000, 0x00000000f5580000, 0x00000000f5580000)
  object space 349696K, 99% used [0x00000000e0000000,0x00000000f557fcb0,0x00000000f5580000)
 Metaspace       used 54634K, committed 55808K, reserved 1105920K
  class space    used 5419K, committed 5888K, reserved 1048576K
}
Event: 563.073 GC heap before
{Heap before GC invocations=977 (full 888):
 PSYoungGen      total 49664K, used 34816K [0x00000000f5580000, 0x00000000f9700000, 0x0000000100000000)
  eden space 34816K, 100% used [0x00000000f5580000,0x00000000f7780000,0x00000000f7780000)
  from space 14848K, 0% used [0x00000000f7780000,0x00000000f7780000,0x00000000f8600000)
  to   space 13824K, 0% used [0x00000000f8980000,0x00000000f8980000,0x00000000f9700000)
 ParOldGen       total 349696K, used 349695K [0x00000000e0000000, 0x00000000f5580000, 0x00000000f5580000)
  object space 349696K, 99% used [0x00000000e0000000,0x00000000f557fff8,0x00000000f5580000)
 Metaspace       used 54634K, committed 55808K, reserved 1105920K
  class space    used 5419K, committed 5888K, reserved 1048576K
}
Event: 563.583 GC heap after
{Heap after GC invocations=977 (full 888):
 PSYoungGen      total 48640K, used 34815K [0x00000000f5580000, 0x00000000f9700000, 0x0000000100000000)
  eden space 34816K, 99% used [0x00000000f5580000,0x00000000f777ffc0,0x00000000f7780000)
  from space 13824K, 0% used [0x00000000f8980000,0x00000000f8980000,0x00000000f9700000)
  to   space 14848K, 0% used [0x00000000f7780000,0x00000000f7780000,0x00000000f8600000)
 ParOldGen       total 349696K, used 349695K [0x00000000e0000000, 0x00000000f5580000, 0x00000000f5580000)
  object space 349696K, 99% used [0x00000000e0000000,0x00000000f557fd58,0x00000000f5580000)
 Metaspace       used 54634K, committed 55808K, reserved 1105920K
  class space    used 5419K, committed 5888K, reserved 1048576K
}
Event: 563.587 GC heap before
{Heap before GC invocations=978 (full 889):
 PSYoungGen      total 48640K, used 34816K [0x00000000f5580000, 0x00000000f9700000, 0x0000000100000000)
  eden space 34816K, 100% used [0x00000000f5580000,0x00000000f7780000,0x00000000f7780000)
  from space 13824K, 0% used [0x00000000f8980000,0x00000000f8980000,0x00000000f9700000)
  to   space 14848K, 0% used [0x00000000f7780000,0x00000000f7780000,0x00000000f8600000)
 ParOldGen       total 349696K, used 349695K [0x00000000e0000000, 0x00000000f5580000, 0x00000000f5580000)
  object space 349696K, 99% used [0x00000000e0000000,0x00000000f557fd58,0x00000000f5580000)
 Metaspace       used 54634K, committed 55808K, reserved 1105920K
  class space    used 5419K, committed 5888K, reserved 1048576K
}
Event: 564.087 GC heap after
{Heap after GC invocations=978 (full 889):
 PSYoungGen      total 49664K, used 34815K [0x00000000f5580000, 0x00000000f9700000, 0x0000000100000000)
  eden space 34816K, 99% used [0x00000000f5580000,0x00000000f777ffc0,0x00000000f7780000)
  from space 14848K, 0% used [0x00000000f7780000,0x00000000f7780000,0x00000000f8600000)
  to   space 13824K, 0% used [0x00000000f8980000,0x00000000f8980000,0x00000000f9700000)
 ParOldGen       total 349696K, used 349695K [0x00000000e0000000, 0x00000000f5580000, 0x00000000f5580000)
  object space 349696K, 99% used [0x00000000e0000000,0x00000000f557fd58,0x00000000f5580000)
 Metaspace       used 54634K, committed 55808K, reserved 1105920K
  class space    used 5419K, committed 5888K, reserved 1048576K
}
Event: 564.087 GC heap before
{Heap before GC invocations=979 (full 890):
 PSYoungGen      total 49664K, used 34815K [0x00000000f5580000, 0x00000000f9700000, 0x0000000100000000)
  eden space 34816K, 99% used [0x00000000f5580000,0x00000000f777fff0,0x00000000f7780000)
  from space 14848K, 0% used [0x00000000f7780000,0x00000000f7780000,0x00000000f8600000)
  to   space 13824K, 0% used [0x00000000f8980000,0x00000000f8980000,0x00000000f9700000)
 ParOldGen       total 349696K, used 349695K [0x00000000e0000000, 0x00000000f5580000, 0x00000000f5580000)
  object space 349696K, 99% used [0x00000000e0000000,0x00000000f557fd58,0x00000000f5580000)
 Metaspace       used 54634K, committed 55808K, reserved 1105920K
  class space    used 5419K, committed 5888K, reserved 1048576K
}
Event: 564.593 GC heap after
{Heap after GC invocations=979 (full 890):
 PSYoungGen      total 48640K, used 34815K [0x00000000f5580000, 0x00000000f9700000, 0x0000000100000000)
  eden space 34816K, 99% used [0x00000000f5580000,0x00000000f777ffc0,0x00000000f7780000)
  from space 13824K, 0% used [0x00000000f8980000,0x00000000f8980000,0x00000000f9700000)
  to   space 14848K, 0% used [0x00000000f7780000,0x00000000f7780000,0x00000000f8600000)
 ParOldGen       total 349696K, used 349695K [0x00000000e0000000, 0x00000000f5580000, 0x00000000f5580000)
  object space 349696K, 99% used [0x00000000e0000000,0x00000000f557fd58,0x00000000f5580000)
 Metaspace       used 54634K, committed 55808K, reserved 1105920K
  class space    used 5419K, committed 5888K, reserved 1048576K
}
Event: 564.593 GC heap before
{Heap before GC invocations=980 (full 891):
 PSYoungGen      total 48640K, used 34816K [0x00000000f5580000, 0x00000000f9700000, 0x0000000100000000)
  eden space 34816K, 100% used [0x00000000f5580000,0x00000000f7780000,0x00000000f7780000)
  from space 13824K, 0% used [0x00000000f8980000,0x00000000f8980000,0x00000000f9700000)
  to   space 14848K, 0% used [0x00000000f7780000,0x00000000f7780000,0x00000000f8600000)
 ParOldGen       total 349696K, used 349695K [0x00000000e0000000, 0x00000000f5580000, 0x00000000f5580000)
  object space 349696K, 99% used [0x00000000e0000000,0x00000000f557fd58,0x00000000f5580000)
 Metaspace       used 54634K, committed 55808K, reserved 1105920K
  class space    used 5419K, committed 5888K, reserved 1048576K
}
Event: 565.072 GC heap after
{Heap after GC invocations=980 (full 891):
 PSYoungGen      total 49664K, used 34816K [0x00000000f5580000, 0x00000000f9700000, 0x0000000100000000)
  eden space 34816K, 100% used [0x00000000f5580000,0x00000000f7780000,0x00000000f7780000)
  from space 14848K, 0% used [0x00000000f7780000,0x00000000f7780000,0x00000000f8600000)
  to   space 13824K, 0% used [0x00000000f8980000,0x00000000f8980000,0x00000000f9700000)
 ParOldGen       total 349696K, used 349695K [0x00000000e0000000, 0x00000000f5580000, 0x00000000f5580000)
  object space 349696K, 99% used [0x00000000e0000000,0x00000000f557fd58,0x00000000f5580000)
 Metaspace       used 54634K, committed 55808K, reserved 1105920K
  class space    used 5419K, committed 5888K, reserved 1048576K
}
Event: 565.072 GC heap before
{Heap before GC invocations=981 (full 892):
 PSYoungGen      total 49664K, used 34816K [0x00000000f5580000, 0x00000000f9700000, 0x0000000100000000)
  eden space 34816K, 100% used [0x00000000f5580000,0x00000000f7780000,0x00000000f7780000)
  from space 14848K, 0% used [0x00000000f7780000,0x00000000f7780000,0x00000000f8600000)
  to   space 13824K, 0% used [0x00000000f8980000,0x00000000f8980000,0x00000000f9700000)
 ParOldGen       total 349696K, used 349695K [0x00000000e0000000, 0x00000000f5580000, 0x00000000f5580000)
  object space 349696K, 99% used [0x00000000e0000000,0x00000000f557fd58,0x00000000f5580000)
 Metaspace       used 54634K, committed 55808K, reserved 1105920K
  class space    used 5419K, committed 5888K, reserved 1048576K
}
Event: 565.599 GC heap after
{Heap after GC invocations=981 (full 892):
 PSYoungGen      total 48640K, used 34816K [0x00000000f5580000, 0x00000000f9700000, 0x0000000100000000)
  eden space 34816K, 100% used [0x00000000f5580000,0x00000000f7780000,0x00000000f7780000)
  from space 13824K, 0% used [0x00000000f8980000,0x00000000f8980000,0x00000000f9700000)
  to   space 14848K, 0% used [0x00000000f7780000,0x00000000f7780000,0x00000000f8600000)
 ParOldGen       total 349696K, used 349695K [0x00000000e0000000, 0x00000000f5580000, 0x00000000f5580000)
  object space 349696K, 99% used [0x00000000e0000000,0x00000000f557fd58,0x00000000f5580000)
 Metaspace       used 54634K, committed 55808K, reserved 1105920K
  class space    used 5419K, committed 5888K, reserved 1048576K
}

